populations v2.5, executed 2020-08-05 09:06:52 (zlib-1.2.7)
populations -P /mnt/ceph/stah3621/diorhabda/active_stacks/StahlkeBitume_etal_2019/4gstacks -O /mnt/ceph/stah3621/diorhabda/active_stacks/StahlkeBitume_etal_2019/5populations/R50 -M /mnt/ceph/stah3621/diorhabda/active_stacks/StahlkeBitume_etal_2019/info/globalpopmap_R5075mm4cov.tsv --threads 30 -e SbfI --merge-sites --write-random-snp --ordered-export --vcf -R 0.50 --genepop
Locus/sample distributions will be written to '/mnt/ceph/stah3621/diorhabda/active_stacks/StahlkeBitume_etal_2019/5populations/R50/populations.log.distribs'.
populations parameters selected:
  Percent samples limit per population: 0
  Locus Population limit: 1
  Percent samples overall: 0.5
  Minor allele frequency cutoff: 0
  Maximum observed heterozygosity cutoff: 1
  Applying Fst correction: none.
  Pi/Fis kernel smoothing: off
  Fstats kernel smoothing: off
  Bootstrap resampling: off

Parsing population map...
The population map contained 552 samples, 35 population(s), 1 group(s).
Working on 552 samples.
Working on 35 population(s):
    11CO: E69, E70, E82, E84, E92, E94, F10, F19, F20, F21, F22, F9
    12AZ: E59, E60, E65, E67, E68, E77, E78, F15, F16, F17, F18, F23, F24, F4, F5
    15TX: E29, E30, F85, F86, F87, F88, G01_rep, G2, G43, G44, G45, G46, G85, G86, G87, G88
    16TX: F54, F65, F66, G13, G14, G15, G16, G3, G4, G57, G58, G59, G60, G73, G74, G76, G77, G78
    18TX: G53, G54, G55, G56, G65, G66, G67, G68, G71, G72, G94, H41, H42, H63, H64, H65_rep, H66_rep
    19TX: H1, H2, H3, H33, H34, H35, H36, H47, H48, H49, H50, H55, H56, H57, H58
    1WY: E1, E13, E15_rep, E25, E26, E27, E28, E3, E35, E36, E37, E38, E4, E47, E48, E49, E50
    20NM: G23, G24, G25, G26, G35, G36, G37, G38, G49, G50, G52, G61, G62, G63, G64, G69, G70
    21NM: G31, G32, G33, G34, G39, G40, G41_rep, G42, G83, G84, H25, H26, H27, H28
    26NM: F83, F84, F93, F94, F95, F96, G10, G11, G12, G9, H12, H21, H22, H23, H24, H70, H71, H72
    27NM: F75, F76, F77, F78, G19, G20, G21, G22, G27, G28, G29, G30, G79, G80, G81, G82, H17, H18, H19, H20
    28NM: F89, F90, F91_2019, F92, G17_rep, G18_rep, G5_rep, G6, G7_rep, G8_rep, H10, H11_rep, H67, H68, H69_rep, H8_rep, H9
    2CO: G89, G90, G92, H13, H14, H15, H16, H29, H30, H31, H32, H4, H43, H44, H45, H46, H5, H6, H7
    31NV: E95, F1, F11, F12, F13, F14, F2
    32UT: E10, E11, E12, E21, E22, E23, E24_rep, E31, E32, E33, E34, E43, E44, E45, E46, E55, E56, E57, E58, E9
    33NV: E61, E62, E63, E64, E75, E76, E85, E86, E87
    34UT: E17, E18, E19, E20, E39, E40, E41, E42, E5, E51, E52, E53, E54, E7, E8, E90
    37CR: D46, D47, D48, D71_rep, D72
    38CR: D1, D2, D3, D4, D49, D50, D51, D52, D73, D75, D76
    39CR: D5, D53, D54, D55, D56, D6, D7, D77, D78, D79, D8, D80
    41CR: D12, D13, D15_rep, D16, D41, D42, D43, D44, D57, D58, D59, D60, D81, D82, D83, D84
    43GR: D17, D18, D19, D20, D33, D34, D35, D61, D62, D63, D64, D85, D86, D87, D88
    44GR: D21, D22, D23, D24_rep, D27, D37, D38, D39, D40, D65_rep, D89, D90, D91, D92, D93, D94
    46CH: I01, I02, I03, I04, I05, I06, I07, I08, I09, I10, I11, I12, I13, I14, I15, I16, I17, I18, I19, I20, I21, I22, I23, I24
    47TX: N1, N10, N11, N12, N13, N14, N15, N16, N17, N18, N19, N20, N21, N24, N25, N26, N27, N28, N3, N4, N5, N6, N7, N8, N9
    49TX: L1, L10, L11, L12, L13, L14, L15, L16, L17, L18_rep, L19, L2, L20, L21, L22, L23, L24, L26, L27, L28, L3, L4, L5, L6, L7, 
          L8, L9_rep
    4CO: H37, H38, H39, H40, H51, H52, H53, H54, H59, H60, H62
    50TX: K1, K2, K3, K32, K33, K34, K4, K5
    51TX: J14, J15, J16, J17, J18, J19, J20, J21, J22, J23, J24, J25, J26, J27
    52TX: S1, S11_rep, S12, S13, S15, S16, S17, S18, S19, S2, S20, S21, S22, S23, S24, S3, S4, S6, S7, S8, S9
    5CO: F25, F26, F27, F28, F37, F38, F39, F49, F50, F51, F52, F59, F60, F61, F62, F71, F72, F73, F74
    6KS: F29, F30, F41, F42, F43, F44, F63, F64, G47_rep, G48_rep
    8OK: F33, F34, F35, F36, F45, F46, F47, F48, F55, F56, F57, F58, F67, F68, F69, F70, F79, F80, F81, F82
    CARINA_LAB: Q1, Q11, Q12, Q13, Q14, Q15, Q2, Q3, Q4, Q5, Q6, Q7, Q8, Q9
    SUB_LAB: R10, R11, R12, R13, R14, R15, R16, R17, R18, R19, R2, R20, R3, R5, R6, R7, R9
Working on 1 group(s) of populations:
    defaultgrp: 11CO, 12AZ, 15TX, 16TX, 18TX, 19TX, 1WY, 20NM, 21NM, 26NM, 27NM, 28NM, 2CO, 31NV, 32UT, 33NV, 34UT, 37CR, 38CR, 39CR, 41CR, 43GR, 44GR, 46CH, 47TX, 49TX, 4CO, 50TX, 51TX, 52TX, 5CO, 6KS, 8OK, CARINA_LAB, SUB_LAB

SNPs and calls will be written in VCF format to '/mnt/ceph/stah3621/diorhabda/active_stacks/StahlkeBitume_etal_2019/5populations/R50/populations.snps.vcf'
Polymorphic sites in GenePop format will be written to '/mnt/ceph/stah3621/diorhabda/active_stacks/StahlkeBitume_etal_2019/5populations/R50/populations.snps.genepop'
Warning: Genepop: The order in which samples appear was modified (as the input population map is not sorted).Raw haplotypes will be written to '/mnt/ceph/stah3621/diorhabda/active_stacks/StahlkeBitume_etal_2019/5populations/R50/populations.haplotypes.tsv'
Population-level summary statistics will be written to '/mnt/ceph/stah3621/diorhabda/active_stacks/StahlkeBitume_etal_2019/5populations/R50/populations.sumstats.tsv'
Population-level haplotype summary statistics will be written to '/mnt/ceph/stah3621/diorhabda/active_stacks/StahlkeBitume_etal_2019/5populations/R50/populations.hapstats.tsv'

Processing data in batches:
  * load a batch of catalog loci and apply filters
  * compute SNP- and haplotype-wise per-population statistics
  * write the above statistics in the output files
  * export the genotypes/haplotypes in specified format(s)
More details in '/mnt/ceph/stah3621/diorhabda/active_stacks/StahlkeBitume_etal_2019/5populations/R50/populations.log.distribs'.
Now processing...
1 
2 
3 
4 
7 
8 
9 
10 
11 
12 
13 
14 
16 
17 
18 
20 
21 
22 
23 
24 
26 
27 
28 
29 
30 
32 
34 
36 
37 
42 
44 
45 
46 
47 
51 
52 
53 
54 
56 
58 
61 
62 
63 
67 
70 
71 
73 
79 
80 
82 
83 
84 
86 
88 
89 
93 
94 
97 
103 
107 
108 
109 
112 
113 
116 
119 
120 
121 
122 
123 
125 
126 
127 
131 
134 
135 
136 
138 
142 
144 
146 
148 
150 
156 
162 
166 
167 
171 
172 
175 
176 
187 
193 
194 
196 
197 
200 
202 
203 
204 
212 
214 
215 
216 
219 
220 
222 
229 
231 
234 
240 
242 
243 
244 
249 
251 
255 
258 
261 
272 
273 
274 
279 
281 
288 
289 
290 
292 
295 
296 
297 
300 
310 
319 
322 
324 
325 
326 
329 
330 
331 
332 
345 
348 
351 
352 
354 
357 
358 
359 
363 
364 
365 
366 
367 
370 
371 
377 
378 
379 
380 
381 
383 
384 
387 
388 
389 
393 
394 
396 
399 
400 
405 
408 
410 
413 
414 
418 
419 
426 
427 
428 
431 
438 
439 
440 
448 
449 
450 
452 
454 
455 
462 
464 
477 
480 
482 
487 
488 
490 
492 
500 
501 
509 
512 
513 
517 
525 
530 
533 
536 
538 
540 
545 
550 
551 
553 
554 
558 
559 
560 
562 
564 
565 
568 
581 
582 
585 
588 
590 
592 
593 
594 
599 
602 
604 
612 
617 
618 
619 
622 
623 
624 
627 
633 
635 
636 
642 
645 
646 
648 
649 
650 
658 
661 
662 
667 
674 
675 
680 
686 
688 
695 
700 
701 
706 
707 
714 
715 
716 
718 
721 
722 
727 
739 
741 
745 
746 
748 
750 
752 
759 
763 
766 
776 
779 
780 
782 
786 
787 
791 
797 
800 
801 
802 
807 
809 
810 
812 
814 
815 
816 
817 
819 
822 
823 
834 
835 
841 
844 
852 
855 
856 
860 
864 
865 
871 
872 
875 
881 
885 
895 
900 
905 
906 
909 
911 
915 
919 
923 
938 
946 
950 
952 
953 
958 
959 
961 
963 
965 
970 
976 
978 
980 
986 
987 
1001 
1005 
1017 
1019 
1024 
1028 
1030 
1032 
1043 
1045 
1049 
1052 
1063 
1069 
1073 
1074 
1078 
1088 
1097 
1098 
1103 
1105 
1113 
1114 
1115 
1120 
1125 
1133 
1134 
1140 
1142 
1146 
1149 
1167 
1168 
1174 
1178 
1180 
1195 
1196 
1200 
1210 
1211 
1220 
1221 
1223 
1226 
1227 
1232 
1233 
1248 
1261 
1263 
1265 
1280 
1281 
1282 
1286 
1289 
1296 
1297 
1303 
1308 
1310 
1312 
1317 
1318 
1320 
1323 
1325 
1326 
1328 
1331 
1333 
1350 
1353 
1354 
1355 
1358 
1370 
1386 
1387 
1400 
1412 
1414 
1416 
1422 
1423 
1425 
1432 
1433 
1442 
1443 
1445 
1452 
1463 
1466 
1470 
1478 
1479 
1482 
1490 
1500 
1504 
1509 
1511 
1513 
1521 
1526 
1534 
1535 
1547 
1549 
1555 
1556 
1558 
1564 
1565 
1567 
1571 
1572 
1577 
1578 
1581 
1583 
1584 
1593 
1613 
1615 
1627 
1630 
1645 
1656 
1662 
1669 
1672 
1677 
1680 
1687 
1692 
1693 
1696 
1697 
1705 
1715 
1716 
1722 
1730 
1734 
1740 
1741 
1746 
1747 
1751 
1752 
1753 
1762 
1767 
1770 
1782 
1798 
1800 
1801 
1804 
1822 
1824 
1825 
1837 
1838 
1840 
1851 
1886 
1893 
1898 
1905 
1908 
1910 
1912 
1919 
1926 
1928 
1945 
1950 
1952 
1953 
1955 
1967 
1970 
1973 
1979 
1980 
1983 
1996 
2001 
2002 
2006 
2016 
2018 
2028 
2040 
2048 
2053 
2056 
2057 
2066 
2073 
2076 
2083 
2084 
2085 
2088 
2097 
2114 
2121 
2122 
2142 
2144 
2145 
2146 
2148 
2157 
2175 
2185 
2187 
2215 
2224 
2226 
2246 
2253 
2258 
2259 
2268 
2270 
2273 
2283 
2284 
2285 
2289 
2296 
2302 
2305 
2314 
2317 
2332 
2339 
2340 
2346 
2364 
2370 
2384 
2386 
2393 
2394 
2403 
2407 
2411 
2412 
2415 
2418 
2430 
2438 
2451 
2456 
2466 
2468 
2479 
2480 
2485 
2508 
2509 
2513 
2519 
2525 
2529 
2530 
2532 
2558 
2564 
2569 
2579 
2591 
2596 
2601 
2604 
2610 
2616 
2617 
2621 
2630 
2635 
2639 
2642 
2643 
2648 
2663 
2673 
2699 
2703 
2704 
2712 
2718 
2720 
2739 
2741 
2748 
2756 
2772 
2775 
2778 
2785 
2815 
2841 
2848 
2853 
2865 
2884 
2892 
2914 
2918 
2920 
2934 
2947 
2959 
2969 
3013 
3018 
3030 
3040 
3063 
3064 
3066 
3073 
3097 
3102 
3105 
3112 
3120 
3123 
3128 
3133 
3134 
3136 
3141 
3149 
3150 
3174 
3175 
3177 
3180 
3223 
3232 
3235 
3243 
3244 
3256 
3258 
3295 
3296 
3307 
3325 
3326 
3330 
3341 
3347 
3355 
3371 
3379 
3388 
3398 
3410 
3415 
3420 
3441 
3470 
3505 
3506 
3512 
3522 
3527 
3528 
3537 
3557 
3571 
3581 
3596 
3605 
3608 
3612 
3639 
3645 
3649 
3700 
3705 
3706 
3707 
3715 
3732 
3752 
3764 
3771 
3779 
3785 
3813 
3818 
3829 
3832 
3849 
3860 
3875 
3879 
3880 
3882 
3959 
3961 
3972 
3977 
3978 
3986 
4027 
4030 
4044 
4047 
4052 
4081 
4083 
4102 
4167 
4170 
4176 
4181 
4191 
4205 
4217 
4245 
4249 
4263 
4279 
4307 
4323 
4338 
4340 
4341 
4350 
4353 
4361 
4362 
4380 
4400 
4436 
4439 
4443 
4461 
4463 
4475 
4493 
4495 
4513 
4521 
4566 
4581 
4598 
4609 
4610 
4616 
4639 
4653 
4659 
4672 
4694 
4730 
4747 
4757 
4765 
4773 
4786 
4788 
4802 
4805 
4811 
4836 
4842 
4846 
4867 
4882 
4883 
4898 
4901 
4902 
4932 
4936 
4942 
4957 
4961 
4969 
4973 
4978 
4984 
4999 
5005 
5007 
5014 
5019 
5075 
5080 
5097 
5115 
5124 
5129 
5140 
5144 
5152 
5165 
5177 
5183 
5187 
5220 
5222 
5230 
5262 
5267 
5274 
5282 
5315 
5333 
5339 
5362 
5373 
5391 
5412 
5413 
5415 
5418 
5430 
5441 
5444 
5462 
5472 
5485 
5497 
5514 
5529 
5535 
5585 
5603 
5639 
5674 
5724 
5734 
5746 
5769 
5771 
5779 
5785 
5798 
5799 
5803 
5831 
5960 
5989 
5998 
5999 
6009 
6015 
6038 
6049 
6050 
6053 
6061 
6093 
6144 
6160 
6202 
6206 
6222 
6232 
6248 
6250 
6297 
6315 
6331 
6359 
6360 
6362 
6385 
6398 
6400 
6411 
6439 
6470 
6549 
6557 
6577 
6612 
6635 
6639 
6658 
6722 
6744 
6756 
6788 
6814 
6842 
6866 
6870 
6890 
6946 
7030 
7038 
7063 
7083 
7144 
7164 
7198 
7203 
7241 
7247 
7286 
7314 
7316 
7320 
7326 
7392 
7393 
7414 
7441 
7515 
7521 
7562 
7601 
7616 
7630 
7636 
7689 
7719 
7737 
7745 
7759 
7799 
7843 
7857 
7931 
8013 
8030 
8047 
8055 
8059 
8141 
8197 
8216 
8278 
8341 
8347 
8374 
8377 
8406 
8424 
8447 
8499 
8501 
8539 
8558 
8570 
8617 
8631 
8709 
8739 
8753 
8767 
8785 
8830 
8848 
8883 
8953 
8963 
9006 
9040 
9041 
9110 
9128 
9136 
9172 
9176 
9243 
9272 
9325 
9494 
9565 
9635 
9640 
9670 
9719 
9728 
9759 
10003 
10033 
10075 
10116 
10235 
10343 
10484 
10550 
10659 
10688 
10819 
10829 
10839 
10869 
10875 
10987 
11227 
11533 
11617 
11621 
11696 
11735 
11752 
11841 
11864 
12196 
12424 
12522 
13040 
13079 
13482 
13910 
14540 
15778 
15851 
15993 
20399 
28123 
30674 
37065 
49901 

Removed 150848 loci that did not pass sample/population constraints from 153453 loci.
Kept 2605 loci, composed of 2246634 sites; 52613 of those sites were filtered, 1456 variant sites remained.
    2209643 genomic sites, of which 36109 were covered by multiple loci (1.6%).
Mean genotyped sites per locus: 854.12bp (stderr 2.71).

Population summary statistics (more detail in populations.sumstats_summary.tsv):
  11CO: 9.6043 samples per locus; pi: 0.020371; all/variant/polymorphic sites: 2183631/1314/115; private alleles: 6
  12AZ: 12.731 samples per locus; pi: 0.023413; all/variant/polymorphic sites: 2148304/1330/143; private alleles: 7
  15TX: 11.607 samples per locus; pi: 0.075362; all/variant/polymorphic sites: 1834345/1447/404; private alleles: 6
  16TX: 11.771 samples per locus; pi: 0.071012; all/variant/polymorphic sites: 2143136/1417/380; private alleles: 4
  18TX: 11.804 samples per locus; pi: 0.12022; all/variant/polymorphic sites: 2224131/1456/606; private alleles: 5
  19TX: 10.566 samples per locus; pi: 0.062666; all/variant/polymorphic sites: 2224229/1444/313; private alleles: 5
  1WY: 14.471 samples per locus; pi: 0.013649; all/variant/polymorphic sites: 2199959/1362/79; private alleles: 8
  20NM: 13.307 samples per locus; pi: 0.050592; all/variant/polymorphic sites: 2224966/1429/324; private alleles: 1
  21NM: 10.448 samples per locus; pi: 0.056049; all/variant/polymorphic sites: 2224982/1445/318; private alleles: 0
  26NM: 13.531 samples per locus; pi: 0.060569; all/variant/polymorphic sites: 2224979/1442/392; private alleles: 7
  27NM: 15.866 samples per locus; pi: 0.052033; all/variant/polymorphic sites: 2224982/1445/359; private alleles: 2
  28NM: 13.941 samples per locus; pi: 0.18951; all/variant/polymorphic sites: 2224993/1456/732; private alleles: 12
  2CO: 16.737 samples per locus; pi: 0.019009; all/variant/polymorphic sites: 2221074/1348/112; private alleles: 8
  31NV: 6.194 samples per locus; pi: 0.021751; all/variant/polymorphic sites: 2219146/1309/96; private alleles: 5
  32UT: 17.402 samples per locus; pi: 0.021176; all/variant/polymorphic sites: 2224881/1344/142; private alleles: 9
  33NV: 7.5 samples per locus; pi: 0.018874; all/variant/polymorphic sites: 2224809/1272/96; private alleles: 8
  34UT: 14.08 samples per locus; pi: 0.022414; all/variant/polymorphic sites: 2224829/1292/138; private alleles: 8
  37CR: 3.7662 samples per locus; pi: 0.040342; all/variant/polymorphic sites: 1996432/1232/111; private alleles: 3
  38CR: 7.6906 samples per locus; pi: 0.02955; all/variant/polymorphic sites: 2223970/1186/105; private alleles: 16
  39CR: 9.0865 samples per locus; pi: 0.027939; all/variant/polymorphic sites: 2223236/1167/99; private alleles: 1
  41CR: 10.191 samples per locus; pi: 0.041171; all/variant/polymorphic sites: 1993417/1295/155; private alleles: 6
  43GR: 11.484 samples per locus; pi: 0.041614; all/variant/polymorphic sites: 2224727/1190/158; private alleles: 12
  44GR: 10.066 samples per locus; pi: 0.058835; all/variant/polymorphic sites: 2224928/1391/265; private alleles: 27
  46CH: 20.784 samples per locus; pi: 0.027563; all/variant/polymorphic sites: 2224980/1443/218; private alleles: 60
  47TX: 19.938 samples per locus; pi: 0.038988; all/variant/polymorphic sites: 2224962/1425/280; private alleles: 19
  49TX: 22.365 samples per locus; pi: 0.028887; all/variant/polymorphic sites: 2224938/1401/193; private alleles: 8
  4CO: 9.2392 samples per locus; pi: 0.015692; all/variant/polymorphic sites: 2220553/1296/78; private alleles: 4
  50TX: 7.1255 samples per locus; pi: 0.023573; all/variant/polymorphic sites: 1490399/1355/97; private alleles: 4
  51TX: 11.787 samples per locus; pi: 0.028918; all/variant/polymorphic sites: 1566455/1379/143; private alleles: 3
  52TX: 16.079 samples per locus; pi: 0.027602; all/variant/polymorphic sites: 1725138/1357/137; private alleles: 4
  5CO: 16.147 samples per locus; pi: 0.018743; all/variant/polymorphic sites: 2222920/1364/124; private alleles: 3
  6KS: 8.011 samples per locus; pi: 0.12744; all/variant/polymorphic sites: 2224993/1456/632; private alleles: 5
  8OK: 14.923 samples per locus; pi: 0.04535; all/variant/polymorphic sites: 1913522/1415/238; private alleles: 1
  CARINA_LAB: 10.362 samples per locus; pi: 0.030809; all/variant/polymorphic sites: 1761076/1376/163; private alleles: 7
  SUB_LAB: 12.97 samples per locus; pi: 0.023645; all/variant/polymorphic sites: 1655774/1382/127; private alleles: 5
Populations is done.
