1 2 576 0.00262347 0.000177311 0.000554826
1 3 576 0.00276769 0.000239117 0.000644309
1 4 576 0.00281498 0.00030371 0.000726136

2 2 576 0.00626003 0.00065529 0.00106661
2 3 576 0.00771468 0.00108857 0.00137473
2 4 576 0.00875776 0.00153873 0.00163444

3 2 576 0.00109052 6.80731e-05 0.000343777
3 3 576 0.00106161 9.80136e-05 0.000412508
3 4 576 0.0011292 0.000151275 0.000512474

4 2 576 0.0011497 5.94844e-05 0.000321359
4 3 576 0.00103033 6.70688e-05 0.000341231
4 4 576 0.000951324 7.4272e-05 0.000359088

5 2 576 0.000730067 3.68185e-05 0.000252826
5 3 576 0.000887322 7.12224e-05 0.000351639
5 4 576 0.00105186 0.000113324 0.000443557

6 2 576 0.00139583 0.000126681 0.000468969
6 3 576 0.00153161 0.000193132 0.00057905
6 4 576 0.00164685 0.000272931 0.00068836

7 2 576 0.00227657 0.000193049 0.000578926
7 3 576 0.00244735 0.000291657 0.000711582
7 4 576 0.00269658 0.000428089 0.000862096

8 2 576 0.00133031 8.9153e-05 0.00039342
8 3 576 0.00149657 0.000144865 0.000501499
8 4 576 0.00162757 0.000200809 0.000590446

9 2 576 0.0014243 0.000163535 0.000532837
9 3 576 0.00167557 0.000271535 0.000686597
9 4 576 0.00185026 0.000364136 0.000795097

10 2 576 0.00146152 7.95254e-05 0.000371571
10 3 576 0.00172549 0.000131442 0.0004777
10 4 576 0.00192935 0.000184934 0.000566627

11 2 576 0.00103535 4.7636e-05 0.000287579
11 3 576 0.00104349 5.65473e-05 0.000313325
11 4 576 0.00103177 6.39542e-05 0.000333214

12 2 576 0.00187107 0.000114048 0.000444971
12 3 576 0.0022196 0.000197707 0.000585868
12 4 576 0.00255091 0.000303806 0.000726251

13 2 576 0.0030945 0.000275469 0.000691553
13 3 576 0.00326682 0.000387266 0.000819962
13 4 576 0.00344211 0.000514856 0.000945435

14 2 576 0.00386676 0.000575847 0.000999867
14 3 576 0.00464085 0.000925837 0.00126782
14 4 576 0.00517555 0.00125936 0.00147864

15 2 576 0.00529473 0.000571621 0.000996192
15 3 576 0.00619766 0.000823435 0.00119565
15 4 576 0.0066336 0.00098625 0.00130853

16 2 576 0.00317068 0.000465849 0.000899314
16 3 576 0.00395546 0.00079852 0.00117742
16 4 576 0.00457849 0.00112931 0.00140022

17 2 576 0.00591221 0.000719434 0.00111759
17 3 576 0.00726043 0.00117096 0.00142581
17 4 576 0.0081959 0.00160384 0.00166867

18 2 576 0.0019826 0.000368153 0.000799471
18 3 576 0.00221439 0.000667197 0.00107626
18 4 576 0.00249275 0.00106329 0.00135867

19 2 576 0.00323024 0.00076422 0.00115186
19 3 576 0.0037198 0.00133162 0.00152047
19 4 576 0.00421019 0.00191286 0.00182235

20 2 576 0.00184752 0.000161524 0.00052955
20 3 576 0.00159068 0.00017781 0.000555605
20 4 576 0.00141198 0.000188162 0.000571551

22 2 576 0.00195423 0.000520697 0.000950783
22 3 576 0.00211529 0.000850886 0.00121541
22 4 576 0.00225994 0.0011426 0.00140843

24 2 576 0.00892919 0.0028962 0.00224235
24 3 576 0.0100855 0.00420641 0.00270237
24 4 576 0.0110827 0.00527183 0.00302531

25 2 576 0.00526977 0.00104373 0.00134612
25 3 576 0.00579486 0.00148033 0.00160313
25 4 576 0.00639328 0.00188611 0.00180956

27 2 576 0.00544034 0.000587813 0.0010102
27 3 576 0.00733156 0.00114459 0.00140966
27 4 576 0.00918684 0.0018568 0.00179544

28 2 576 0.00177621 7.59428e-05 0.000363105
28 3 576 0.0020602 0.000128382 0.000472107
28 4 576 0.00235241 0.000197436 0.000585466

31 2 576 0.00129844 5.7023e-05 0.00031464
31 3 576 0.00135641 6.95227e-05 0.000347418
31 4 576 0.0014178 8.54835e-05 0.000385239

32 2 576 0.0020371 0.000277822 0.0006945
32 3 576 0.00198031 0.000440567 0.00087457
32 4 576 0.00197744 0.00064865 0.00106119

33 2 576 0.000933531 7.13404e-05 0.00035193
33 3 576 0.000877035 8.76502e-05 0.00039009
33 4 576 0.00083282 9.31067e-05 0.000402049

34 2 576 0.00105434 5.79151e-05 0.000317092
34 3 576 0.00116425 9.81054e-05 0.000412701
34 4 576 0.00129151 0.000145045 0.000501811

35 2 576 0.00120253 7.92564e-05 0.000370942
35 3 576 0.00131331 0.000121712 0.000459679
35 4 576 0.00139205 0.00015678 0.000521715

36 2 576 0.00218491 0.00011552 0.000447833
36 3 576 0.002215 0.000139242 0.00049167
36 4 576 0.00226355 0.000174699 0.000550724

37 2 576 0.00160108 0.000196771 0.00058448
37 3 576 0.00173946 0.000360416 0.000791026
37 4 576 0.00189026 0.00056382 0.000989371

38 2 576 0.00105633 6.57705e-05 0.000337913
38 3 576 0.000917364 6.1519e-05 0.000326809
38 4 576 0.000837505 6.01385e-05 0.000323121

39 2 576 0.00177481 0.000146533 0.000504379
39 3 576 0.00189339 0.000220655 0.000618936
39 4 576 0.00208464 0.00030623 0.000729143

40 2 576 0.00191744 0.000166496 0.000537639
40 3 576 0.00223406 0.000261372 0.000673625
40 4 576 0.00256456 0.000363014 0.000793872

