1 2 576 1.01902 0.00636491 0.00332418
1 3 576 1.02853 0.014321 0.00498627
1 4 576 1.03513 0.0205723 0.00597627
1 5 576 1.04029 0.0254824 0.00665134
1 6 576 1.04461 0.0296424 0.00717374

2 2 576 1.02158 0.00589306 0.00319859
2 3 576 1.03237 0.0132594 0.00479789
2 4 576 1.04039 0.0195042 0.00581906
2 5 576 1.04703 0.0248485 0.00656808
2 6 576 1.05279 0.0296019 0.00716884
2 7 576 1.05793 0.0339643 0.00767892
2 8 576 1.0626 0.0380567 0.00812838
2 9 576 1.06689 0.0419549 0.00853454
2 10 576 1.07089 0.0457089 0.00890818

3 2 576 1.07526 0.0194326 0.00580837
3 3 576 1.11289 0.0437234 0.00871255
3 4 576 1.13925 0.0635523 0.010504
3 5 576 1.15996 0.0798068 0.0117709
3 6 576 1.17706 0.0936574 0.0127515
3 7 576 1.19159 0.105812 0.0135537
3 8 576 1.20412 0.116656 0.0142312

4 2 576 1.04634 0.0094199 0.00404401
4 3 576 1.06951 0.0211948 0.00606601
4 4 576 1.08783 0.031533 0.00739898
4 5 576 1.10374 0.0408072 0.008417
4 6 576 1.11803 0.0494992 0.00927018
4 7 576 1.13112 0.0578889 0.010025
4 8 576 1.14324 0.0661073 0.0107131
4 9 576 1.15453 0.074206 0.0113503
4 10 576 1.1651 0.0821996 0.011946

5 2 576 1.10817 0.020506 0.00596664
5 3 576 1.16226 0.0461386 0.00894995
5 4 576 1.20218 0.0690489 0.0109488
5 5 576 1.23502 0.0897649 0.0124837
5 6 576 1.26277 0.108587 0.0137302
5 7 576 1.28645 0.125599 0.0147667
5 8 576 1.30672 0.140854 0.0156377
5 9 576 1.32414 0.154426 0.0163738
5 10 576 1.33913 0.166415 0.0169975

6 2 576 1.04866 0.0144361 0.00500627
6 3 576 1.07299 0.0324813 0.0075094
6 4 576 1.08991 0.047092 0.00904195
6 5 576 1.10312 0.0589307 0.0101149
6 6 576 1.11399 0.0688511 0.0109331
6 7 576 1.1232 0.0773844 0.0115909
6 8 576 1.13116 0.0848611 0.0121379

7 2 576 1.01532 0.00508784 0.00297205
7 3 576 1.02298 0.0114476 0.00445807
7 4 576 1.02821 0.0164612 0.00534588
7 5 576 1.03222 0.0203836 0.0059488
7 6 576 1.03552 0.0236236 0.00640415
7 7 576 1.03835 0.0264477 0.00677615
7 8 576 1.04085 0.0290047 0.00709615
7 9 576 1.04309 0.0313741 0.00738031
7 10 576 1.04512 0.0335988 0.00763749

8 2 576 1.0374 0.00889757 0.00393029
8 3 576 1.0561 0.0200195 0.00589543
8 4 576 1.07038 0.0297327 0.00718466
8 5 576 1.08245 0.0383409 0.00815868
8 6 576 1.09307 0.0462105 0.00895693
8 7 576 1.10259 0.0535558 0.00964255
8 8 576 1.11125 0.060494 0.0102481
8 9 576 1.11919 0.0670945 0.0107928
8 10 576 1.12653 0.0734059 0.011289
8 11 576 1.13334 0.0794675 0.0117458
8 12 576 1.13971 0.0853165 0.0121704

9 2 576 1.04193 0.0104325 0.00425582
9 3 576 1.0629 0.0234732 0.00638374
9 4 576 1.07882 0.0347305 0.00776505
9 5 576 1.09221 0.044612 0.00880065
9 6 576 1.10395 0.0536108 0.0096475
9 7 576 1.11448 0.0620156 0.0103762
9 8 576 1.12405 0.0699803 0.0110224

10 2 576 1.05204 0.0123916 0.00463823
10 3 576 1.07806 0.0278811 0.00695734
10 4 576 1.09739 0.0410157 0.00843847
10 5 576 1.11339 0.0522617 0.00952534
10 6 576 1.1272 0.0622187 0.0103932
10 7 576 1.13943 0.0712581 0.0111226
10 8 576 1.15041 0.0796012 0.0117557
10 9 576 1.1604 0.0873896 0.0123174
10 10 576 1.16956 0.0947222 0.0128237

11 2 576 1.03903 0.00948968 0.00405896
11 3 576 1.05855 0.0213518 0.00608844
11 4 576 1.07316 0.0312208 0.00736225
11 5 576 1.08531 0.0394961 0.00828068
11 6 576 1.09592 0.046745 0.00900858
11 7 576 1.10542 0.0533313 0.00962232
11 8 576 1.11409 0.0594678 0.0101608
11 9 576 1.12208 0.0652799 0.0106458
11 10 576 1.12952 0.0708428 0.0110901
11 11 576 1.13648 0.076202 0.011502
11 12 576 1.14304 0.0813854 0.0118867
11 13 576 1.14922 0.0864107 0.0122482
11 14 576 1.15507 0.0912909 0.0125893

12 2 576 1.19443 0.051139 0.00942247
12 3 576 1.29165 0.115063 0.0141337
12 4 576 1.34522 0.156469 0.0164817
12 5 576 1.37698 0.17992 0.0176738
12 6 576 1.39742 0.193091 0.0183092
12 7 576 1.41179 0.200945 0.0186779
12 8 576 1.42275 0.206119 0.0189168
12 9 576 1.43166 0.209908 0.0190899
12 10 576 1.43923 0.212936 0.0192271
12 11 576 1.44584 0.215508 0.0193429
12 12 576 1.45174 0.217784 0.0194447
12 13 576 1.45706 0.219856 0.019537
12 14 576 1.46192 0.221782 0.0196224
12 15 576 1.46639 0.223608 0.019703
12 16 576 1.47053 0.225366 0.0197803

13 2 576 1.01968 0.00633264 0.00331575
13 3 576 1.02952 0.0142485 0.00497362
13 4 576 1.03623 0.0205469 0.00597258
13 5 576 1.04138 0.0255181 0.00665599
13 6 576 1.04558 0.0296144 0.00717035
13 7 576 1.04915 0.0331316 0.0075842
13 8 576 1.05226 0.0362416 0.00793218
13 9 576 1.05502 0.0390453 0.00823329
13 10 576 1.0575 0.0416053 0.0084989
13 11 576 1.05975 0.0439632 0.00873642
13 12 576 1.06181 0.0461497 0.00895103
13 13 576 1.0637 0.0481886 0.00914662
13 14 576 1.06546 0.0500999 0.00932625
13 15 576 1.06709 0.0519013 0.00949244
13 16 576 1.06862 0.0536091 0.00964735

14 2 576 1.01716 0.00500904 0.00294894
14 3 576 1.02575 0.0112703 0.00442341
14 4 576 1.03251 0.0170837 0.00544603
14 5 576 1.03837 0.0226187 0.00626646
14 6 576 1.04364 0.0280522 0.00697866

15 2 576 1.01901 0.004986 0.00294215
15 3 576 1.02852 0.0112185 0.00441323
15 4 576 1.03563 0.0165993 0.00536826
15 5 576 1.04154 0.0212956 0.00608042
15 6 576 1.04668 0.0255406 0.00665892
15 7 576 1.05126 0.0294803 0.00715409
15 8 576 1.05541 0.0331975 0.00759174
15 9 576 1.0592 0.03674 0.00798653
15 10 576 1.0627 0.040137 0.00834759
15 11 576 1.06595 0.0434079 0.00868106
15 12 576 1.06898 0.0465662 0.00899134
15 13 576 1.07181 0.0496225 0.00928171
15 14 576 1.07447 0.0525851 0.00955477

16 2 576 1.0177 0.00523364 0.00301433
16 3 576 1.02656 0.0117757 0.0045215
16 4 576 1.03342 0.0177613 0.00555297
16 5 576 1.03929 0.023387 0.006372
16 6 576 1.04454 0.0289017 0.00708354

17 2 576 1.02131 0.00597084 0.00321963
17 3 576 1.03196 0.0134344 0.00482945
17 4 576 1.0398 0.0197971 0.00586259
17 5 576 1.04623 0.0252653 0.00662294
17 6 576 1.05175 0.030087 0.00722734
17 7 576 1.05659 0.0344221 0.0077305
17 8 576 1.0609 0.038372 0.00816199

18 2 576 1.03111 0.0126969 0.00469501
18 3 576 1.04666 0.0285679 0.00704252
18 4 576 1.05704 0.0409502 0.00843173

19 2 576 1.02829 0.0101788 0.00420376
19 3 576 1.04243 0.0229024 0.00630564
19 4 576 1.05182 0.0328478 0.00755165
19 5 576 1.05883 0.0405723 0.00839274
19 6 576 1.06427 0.0465856 0.00899321

20 2 576 1.02422 0.00901754 0.0039567
20 3 576 1.03632 0.0202895 0.00593504
20 4 576 1.04408 0.0288408 0.00707608
20 5 576 1.04965 0.0351905 0.00781631
20 6 576 1.05391 0.0400369 0.00833718

22 2 576 1.02789 0.00923699 0.00400455
22 3 576 1.04183 0.0207832 0.00600683
22 4 576 1.05128 0.0300324 0.00722078
22 5 576 1.05849 0.0374225 0.00806037
22 6 576 1.0643 0.0435571 0.00869597
22 7 576 1.06915 0.0488054 0.00920497
22 8 576 1.07326 0.0533556 0.00962451

24 2 576 1.02987 0.00982718 0.00413051
24 3 576 1.04481 0.0221112 0.00619576
24 4 576 1.05492 0.031684 0.00741666
24 5 576 1.06261 0.0390794 0.00823688
24 6 576 1.06888 0.045139 0.00885248
24 7 576 1.07424 0.0504083 0.00935491
24 8 576 1.07896 0.0551915 0.0097887

25 2 576 1.03458 0.00998817 0.0041642
25 3 576 1.05186 0.0224734 0.0062463
25 4 576 1.06429 0.032815 0.00754788
25 5 576 1.07428 0.0414408 0.00848209
25 6 576 1.08273 0.0489106 0.00921489
25 7 576 1.09009 0.0555799 0.00982308
25 8 576 1.09662 0.061664 0.0103468

27 2 576 1.02299 0.00591179 0.00320367
27 3 576 1.03449 0.0133015 0.00480551
27 4 576 1.04303 0.019508 0.00581963
27 5 576 1.05009 0.024734 0.00655293
27 6 576 1.05622 0.0292635 0.00712774
27 7 576 1.06168 0.0332841 0.00760164
27 8 576 1.06663 0.0369186 0.00800592
27 9 576 1.07119 0.0402532 0.00835967
27 10 576 1.07542 0.0433529 0.00867557
27 11 576 1.07938 0.0462687 0.00896257
27 12 576 1.08312 0.0490416 0.00922722
27 13 576 1.08668 0.0517046 0.00947444
27 14 576 1.09008 0.0542848 0.00970795
27 15 576 1.09333 0.0568036 0.00993063
27 16 576 1.09647 0.0592785 0.0101447

28 2 576 1.02793 0.00825338 0.00378534
28 3 576 1.04189 0.0185701 0.00567801
28 4 576 1.05164 0.0266853 0.00680652
28 5 576 1.05928 0.0329846 0.00756736
28 6 576 1.06565 0.0380784 0.0081307
28 7 576 1.07119 0.0423807 0.00857774
28 8 576 1.07614 0.0461498 0.00895104
28 9 576 1.08063 0.049549 0.00927483
28 10 576 1.08478 0.0526851 0.00956385
28 11 576 1.08866 0.0556302 0.00982752
28 12 576 1.0923 0.0584343 0.0100722
28 13 576 1.09575 0.0611327 0.0103021
28 14 576 1.09903 0.0637511 0.0105204
28 15 576 1.10217 0.0663083 0.0107293
28 16 576 1.10519 0.0688184 0.0109305
28 17 576 1.10809 0.0712922 0.0111252
28 18 576 1.11089 0.0737381 0.0113145
28 19 576 1.1136 0.0761628 0.011499
28 20 576 1.11622 0.0785718 0.0116794

31 2 576 1.02155 0.00678482 0.00343208
31 3 576 1.03233 0.0152658 0.00514813
31 4 576 1.03969 0.0218776 0.00616295
31 5 576 1.04535 0.0269418 0.00683915
31 6 576 1.04999 0.0309818 0.00733402
31 7 576 1.05399 0.0343552 0.00772298
31 8 576 1.05752 0.0372856 0.00804562
31 9 576 1.06072 0.0399147 0.00832445
31 10 576 1.06367 0.0423356 0.00857317
31 11 576 1.06641 0.044611 0.00880055
31 12 576 1.06899 0.0467845 0.00901239
31 13 576 1.07144 0.0488869 0.00921266
31 14 576 1.07377 0.0509402 0.00940414
31 15 576 1.076 0.0529602 0.00958878
31 16 576 1.07815 0.0549587 0.00976803
31 17 576 1.08022 0.0569442 0.00994291
31 18 576 1.08223 0.0589234 0.0101142

32 2 576 1.018 0.00642416 0.00333962
32 3 576 1.027 0.0144544 0.00500943
32 4 576 1.033 0.0208108 0.00601081
32 5 576 1.03751 0.0258062 0.00669346
32 6 576 1.04111 0.0298927 0.00720396

33 2 576 1.02281 0.00848679 0.00383849
33 3 576 1.03422 0.0190953 0.00575774
33 4 576 1.04179 0.0273992 0.00689696

34 2 576 1.0227 0.00749304 0.00360676
34 3 576 1.03404 0.0168593 0.00541015
34 4 576 1.0418 0.0242958 0.00649463
34 5 576 1.04775 0.0301554 0.00723555
34 6 576 1.05263 0.0349609 0.00779076
34 7 576 1.05677 0.0390586 0.00823468
34 8 576 1.06041 0.0426927 0.00860926

35 2 576 1.02134 0.00731518 0.0035637
35 3 576 1.03201 0.0164592 0.00534555
35 4 576 1.03908 0.0235734 0.00639734
35 5 576 1.04433 0.0290051 0.0070962
35 6 576 1.04853 0.0332994 0.00760338
35 7 576 1.05202 0.0368276 0.00799605
35 8 576 1.05502 0.0398287 0.00831547
35 9 576 1.05766 0.0424625 0.00858601
35 10 576 1.06004 0.0448402 0.00882313
35 11 576 1.06221 0.0470423 0.00903718
35 12 576 1.06422 0.0491272 0.00923527

36 2 576 1.0186 0.00577904 0.0031675
36 3 576 1.0279 0.0130028 0.00475125
36 4 576 1.03437 0.0188684 0.00572343
36 5 576 1.03942 0.0236084 0.0064021
36 6 576 1.0436 0.0275738 0.0069189
36 7 576 1.04718 0.0309976 0.00733589
36 8 576 1.05032 0.0340254 0.00768582
36 9 576 1.05312 0.0367518 0.00798781
36 10 576 1.05566 0.039242 0.008254
36 11 576 1.05798 0.0415438 0.00849262
36 12 576 1.06012 0.043693 0.00870953
36 13 576 1.06211 0.0457176 0.00890903
36 14 576 1.06397 0.0476398 0.00909439
36 15 576 1.06572 0.0494775 0.00926814
36 16 576 1.06738 0.0512453 0.00943226
36 17 576 1.06895 0.052955 0.00958832
36 18 576 1.07044 0.0546166 0.00973758
36 19 576 1.07187 0.0562384 0.0098811
36 20 576 1.07324 0.0578274 0.0100197

37 2 576 1.10882 0.0204985 0.00596554
37 3 576 1.16323 0.0461217 0.00894832
37 4 576 1.20469 0.0686344 0.0109159
37 5 576 1.23969 0.0889101 0.0124241
37 6 576 1.27006 0.107738 0.0136765
37 7 576 1.29674 0.125474 0.0147593
37 8 576 1.32029 0.142234 0.0157142

38 2 576 1.04008 0.013043 0.00475858
38 3 576 1.06012 0.0293467 0.00713787
38 4 576 1.07326 0.0418374 0.00852259
38 5 576 1.08296 0.0511973 0.00942784
38 6 576 1.09063 0.0585063 0.0100784
38 7 576 1.09698 0.0644779 0.0105802
38 8 576 1.10241 0.0695349 0.0109873
38 9 576 1.10716 0.0739317 0.0113293
38 10 576 1.11137 0.0778312 0.0116243

39 2 576 1.02376 0.00740579 0.0035857
39 3 576 1.03563 0.016663 0.00537856
39 4 576 1.04402 0.0238399 0.0064334
39 5 576 1.05067 0.0293991 0.00714423
39 6 576 1.05633 0.0341004 0.00769428
39 7 576 1.06139 0.0384102 0.00816605
39 8 576 1.06601 0.0424941 0.00858921

40 2 576 1.02001 0.00668597 0.00340699
40 3 576 1.03002 0.0150434 0.00511049
40 4 576 1.03682 0.0215266 0.00611331
40 5 576 1.04203 0.0265062 0.00678364
40 6 576 1.04631 0.0305885 0.00728731
40 7 576 1.05001 0.0341653 0.00770161
40 8 576 1.05332 0.0374439 0.00806268
40 9 576 1.05632 0.0405265 0.008388
40 10 576 1.05908 0.0434733 0.0086876

